[debug] [2025-02-13T03:27:50.915Z] : 
[debug] [2025-02-13T03:27:50.916Z] : ----------------------------------------------------------------------
[debug] [2025-02-13T03:27:50.916Z] : Command:      C:\Program Files (x86)\nodejs\node.exe C:\Users\Admin\AppData\Roaming\npm\node_modules\zcatalyst-cli\lib\bin\catalyst.js serve
[debug] [2025-02-13T03:27:50.917Z] : CLI Version:  1.17.6
[debug] [2025-02-13T03:27:50.917Z] : Platform:     win32
[debug] [2025-02-13T03:27:50.917Z] : Node Version: v18.13.0
[debug] [2025-02-13T03:27:50.919Z] : Time:         Thu Feb 13 2025 08:57:50 GMT+0530 (India Standard Time)
[debug] [2025-02-13T03:27:50.919Z] : ----------------------------------------------------------------------
[debug] [2025-02-13T03:27:50.920Z] : 
[debug] [2025-02-13T03:27:52.082Z] : > authorizing via signed-in user option
[debug] [2025-02-13T03:27:52.082Z] : > command requires scopes: ["ZohoCatalyst.projects.ALL","ZohoCatalyst.functions.ALL","ZohoCatalyst.functions.EXECUTE","ZohoCatalyst.webapp.ALL","ZohoCatalyst.pdfshot.execute","ZohoCatalyst.authentication.CREATE"]
[debug] [2025-02-13T03:27:52.099Z] : >>>> HTTP REQUEST : GET https://api.catalyst.zoho.in/baas/v1/project/13174000000007080 

[debug] [2025-02-13T03:27:52.463Z] : <<<< HTTP RESPONSE : 200
Response Headers: {"server":"ZGS","date":"Thu, 13 Feb 2025 03:27:52 GMT","content-type":"application/vnd.catalyst.v2+json","transfer-encoding":"chunked","connection":"close","set-cookie":["zalb_3a750b85f1=411f509465b028e7e235eac6930aaab2; Path=/; Secure; HttpOnly","ZD_CSRF_TOKEN=148dca73-c000-4f40-abe2-74ee6c504a8b;path=/;SameSite=None;Secure;priority=high","_zcsr_tmp=148dca73-c000-4f40-abe2-74ee6c504a8b;path=/;SameSite=Strict;Secure;priority=high"],"x-content-type-options":"nosniff","x-xss-protection":"1","cache-control":"private,no-cache,no-store,max-age=0,must-revalidate","pragma":"no-cache","expires":"Thu, 01 Jan 1970 00:00:00 GMT","x-frame-options":"DENY","strict-transport-security":"max-age=64072000; includeSubDomains; preload"}

[debug] [2025-02-13T03:27:52.477Z] : >>>> HTTP REQUEST : GET https://api.catalyst.zoho.in/baas/v1/project/13174000000007080/environment 

[debug] [2025-02-13T03:27:52.764Z] : <<<< HTTP RESPONSE : 200
Response Headers: {"server":"ZGS","date":"Thu, 13 Feb 2025 03:27:52 GMT","content-type":"application/vnd.catalyst.v2+json","transfer-encoding":"chunked","connection":"close","set-cookie":["zalb_3a750b85f1=ed010f63633be60a322039283f31a645; Path=/; Secure; HttpOnly","ZD_CSRF_TOKEN=e68c8ff3-c13e-4597-8fe6-a41d802ad19f;path=/;SameSite=None;Secure;priority=high","_zcsr_tmp=e68c8ff3-c13e-4597-8fe6-a41d802ad19f;path=/;SameSite=Strict;Secure;priority=high"],"x-content-type-options":"nosniff","x-xss-protection":"1","cache-control":"private,no-cache,no-store,max-age=0,must-revalidate","pragma":"no-cache","expires":"Thu, 01 Jan 1970 00:00:00 GMT","x-frame-options":"DENY","strict-transport-security":"max-age=64072000; includeSubDomains; preload"}

[debug] [2025-02-13T03:27:54.318Z] : No basic functions to add
[info] [2025-02-13T03:27:57.343Z] : [react-plugin]: Starting the development server...

[info] [2025-02-13T03:27:57.345Z] : 
[info] [2025-02-13T03:27:57.345Z] : i Client[taskmanager]: Plugin : "zcatalyst-cli-plugin-react" is used for client serve
[info] [2025-02-13T03:27:57.346Z] : 
[info] [2025-02-13T03:27:59.514Z] : 
[info] [2025-02-13T03:27:59.514Z] :  >>>>>>>>>>>>> Web Client <<<<<<<<<<<<
[info] [2025-02-13T03:27:59.515Z] : i client[taskmanager]: http://localhost:3000/app/
[info] [2025-02-13T03:27:59.515Z] : 
[info] [2025-02-13T03:28:00.402Z] : [react-plugin]: Compiled successfully!
[info] [2025-02-13T03:28:00.402Z] : [react-plugin]: 
[info] [2025-02-13T03:28:00.403Z] : [react-plugin]: You can now view peetshaapp in the browser.
[info] [2025-02-13T03:28:00.403Z] : [react-plugin]: 
[info] [2025-02-13T03:28:00.403Z] : [react-plugin]:   Local:            http://localhost:3000/app/
[info] [2025-02-13T03:28:00.403Z] : [react-plugin]:   On Your Network:  http://172.30.240.1:3000/app/
[info] [2025-02-13T03:28:00.403Z] : [react-plugin]: 
[info] [2025-02-13T03:28:00.403Z] : [react-plugin]: Note that the development build is not optimized.
[info] [2025-02-13T03:28:00.404Z] : [react-plugin]: To create a production build, use npm run build.
[info] [2025-02-13T03:28:00.404Z] : [react-plugin]: 
